build/outputs/logs/manifest-merger-debug-report.txt
-- Merging decision tree log ---
manifest
ADDED from SVod_phone_newnewFor9/SVod_phone/AndroidManifest.xml:2:1-209:12
INJECTED from SVod_phone_newnewFor9/SVod_phone/AndroidManifest.xml:2:1-209:12
INJECTED from SVod_phone_newnewFor9/SVod_phone/AndroidManifest.xml:2:1-209:12
MERGED from [com.tencent.bugly:crashreport:2.1.9] AndroidManifest.xml:2:1-11:12
MERGED from [com.tencent.bugly:nativecrashreport:3.0] AndroidManifest.xml:2:1-11:12
MERGED from [androidx.appcompat:appcompat:1.1.0] AndroidManifest.xml:17:1-24:12
MERGED from [androidx.fragment:fragment:1.1.0] AndroidManifest.xml:17:1-24:12
MERGED from [androidx.appcompat:appcompat-resources:1.1.0] AndroidManifest.xml:17:1-24:12
MERGED from [androidx.drawerlayout:drawerlayout:1.0.0] AndroidManifest.xml:17:1-22:12
MERGED from [androidx.viewpager:viewpager:1.0.0] AndroidManifest.xml:17:1-22:12
MERGED from [androidx.loader:loader:1.0.0] AndroidManifest.xml:17:1-22:12
MERGED from [androidx.activity:activity:1.0.0] AndroidManifest.xml:17:1-24:12
MERGED from [androidx.vectordrawable:vectordrawable-animated:1.1.0] AndroidManifest.xml:17:1-24:12
MERGED from [androidx.vectordrawable:vectordrawable:1.1.0] AndroidManifest.xml:17:1-24:12
MERGED from [androidx.customview:customview:1.0.0] AndroidManifest.xml:17:1-22:12
MERGED from [androidx.core:core:1.1.0] AndroidManifest.xml:17:1-26:12
MERGED from [androidx.cursoradapter:cursoradapter:1.0.0] AndroidManifest.xml:17:1-22:12
MERGED from [androidx.versionedparcelable:versionedparcelable:1.1.0] AndroidManifest.xml:17:1-27:12
MERGED from [androidx.lifecycle:lifecycle-runtime:2.1.0] AndroidManifest.xml:17:1-22:12
MERGED from [androidx.lifecycle:lifecycle-viewmodel:2.1.0] AndroidManifest.xml:17:1-22:12
MERGED from [androidx.savedstate:savedstate:1.0.0] AndroidManifest.xml:17:1-24:12
MERGED from [androidx.interpolator:interpolator:1.0.0] AndroidManifest.xml:17:1-22:12
MERGED from [androidx.lifecycle:lifecycle-livedata:2.0.0] AndroidManifest.xml:17:1-22:12
MERGED from [androidx.lifecycle:lifecycle-livedata-core:2.0.0] AndroidManifest.xml:17:1-22:12
MERGED from [androidx.arch.core:core-runtime:2.0.0] AndroidManifest.xml:17:1-22:12
INJECTED from SVod_phone_newnewFor9/SVod_phone/AndroidManifest.xml:2:1-209:12
INJECTED from SVod_phone_newnewFor9/SVod_phone/AndroidManifest.xml:2:1-209:12
	package
		ADDED from SVod_phone_newnewFor9/SVod_phone/AndroidManifest.xml:3:5-31
	android:versionName
		ADDED from SVod_phone_newnewFor9/SVod_phone/AndroidManifest.xml:5:5-30
		INJECTED from SVod_phone_newnewFor9/SVod_phone/AndroidManifest.xml
		INJECTED from SVod_phone_newnewFor9/SVod_phone/AndroidManifest.xml
	xmlns:android
		ADDED from SVod_phone_newnewFor9/SVod_phone/AndroidManifest.xml:2:11-69
	android:versionCode
		ADDED from SVod_phone_newnewFor9/SVod_phone/AndroidManifest.xml:4:5-28
		INJECTED from SVod_phone_newnewFor9/SVod_phone/AndroidManifest.xml
		INJECTED from SVod_phone_newnewFor9/SVod_phone/AndroidManifest.xml
supports-screens
ADDED from SVod_phone_newnewFor9/SVod_phone/AndroidManifest.xml:6:3-11:37
	android:largeScreens
		ADDED from SVod_phone_newnewFor9/SVod_phone/AndroidManifest.xml:9:9-36
	android:smallScreens
		ADDED from SVod_phone_newnewFor9/SVod_phone/AndroidManifest.xml:7:9-36
	android:normalScreens
		ADDED from SVod_phone_newnewFor9/SVod_phone/AndroidManifest.xml:8:9-37
	android:xlargeScreens
		ADDED from SVod_phone_newnewFor9/SVod_phone/AndroidManifest.xml:10:9-37
	android:anyDensity
		ADDED from SVod_phone_newnewFor9/SVod_phone/AndroidManifest.xml:11:9-34
uses-permission#android.permission.RECORD_AUDIO
ADDED from SVod_phone_newnewFor9/SVod_phone/AndroidManifest.xml:16:5-70
	android:name
		ADDED from SVod_phone_newnewFor9/SVod_phone/AndroidManifest.xml:16:22-68
uses-permission#android.permission.WRITE_EXTERNAL_STORAGE
ADDED from SVod_phone_newnewFor9/SVod_phone/AndroidManifest.xml:19:5-81
	android:name
		ADDED from SVod_phone_newnewFor9/SVod_phone/AndroidManifest.xml:19:22-78
uses-permission#android.permission.INTERNET
ADDED from SVod_phone_newnewFor9/SVod_phone/AndroidManifest.xml:23:5-67
	android:name
		ADDED from SVod_phone_newnewFor9/SVod_phone/AndroidManifest.xml:23:22-64
uses-permission#android.permission.ACCESS_WIFI_STATE
ADDED from SVod_phone_newnewFor9/SVod_phone/AndroidManifest.xml:24:5-75
	android:name
		ADDED from SVod_phone_newnewFor9/SVod_phone/AndroidManifest.xml:24:22-73
uses-permission#android.permission.RECEIVE_USER_PRESENT
ADDED from SVod_phone_newnewFor9/SVod_phone/AndroidManifest.xml:26:5-79
	android:name
		ADDED from SVod_phone_newnewFor9/SVod_phone/AndroidManifest.xml:26:22-76
uses-permission#android.permission.WAKE_LOCK
ADDED from SVod_phone_newnewFor9/SVod_phone/AndroidManifest.xml:27:5-68
	android:name
		ADDED from SVod_phone_newnewFor9/SVod_phone/AndroidManifest.xml:27:22-65
uses-permission#android.permission.VIBRATE
ADDED from SVod_phone_newnewFor9/SVod_phone/AndroidManifest.xml:28:5-66
	android:name
		ADDED from SVod_phone_newnewFor9/SVod_phone/AndroidManifest.xml:28:22-63
uses-permission#android.permission.MOUNT_UNMOUNT_FILESYSTEMS
ADDED from SVod_phone_newnewFor9/SVod_phone/AndroidManifest.xml:29:5-84
	android:name
		ADDED from SVod_phone_newnewFor9/SVod_phone/AndroidManifest.xml:29:22-81
uses-permission#android.permission.GET_TASKS
ADDED from SVod_phone_newnewFor9/SVod_phone/AndroidManifest.xml:30:5-68
	android:name
		ADDED from SVod_phone_newnewFor9/SVod_phone/AndroidManifest.xml:30:22-65
uses-permission#android.permission.ACCESS_COARSE_UPDATES
ADDED from SVod_phone_newnewFor9/SVod_phone/AndroidManifest.xml:33:5-80
	android:name
		ADDED from SVod_phone_newnewFor9/SVod_phone/AndroidManifest.xml:33:22-77
uses-permission#android.permission.CHANGE_WIFI_STATE
ADDED from SVod_phone_newnewFor9/SVod_phone/AndroidManifest.xml:34:5-76
	android:name
		ADDED from SVod_phone_newnewFor9/SVod_phone/AndroidManifest.xml:34:22-73
uses-permission#android.permission.ACCESS_LOCATION_EXTRA_COMMANDS
ADDED from SVod_phone_newnewFor9/SVod_phone/AndroidManifest.xml:35:5-89
	android:name
		ADDED from SVod_phone_newnewFor9/SVod_phone/AndroidManifest.xml:35:22-86
uses-permission#android.permission.CHANGE_NETWORK_STATE
ADDED from SVod_phone_newnewFor9/SVod_phone/AndroidManifest.xml:36:5-79
	android:name
		ADDED from SVod_phone_newnewFor9/SVod_phone/AndroidManifest.xml:36:22-76
uses-permission#android.permission.ACCESS_NETWORK_STATE
ADDED from SVod_phone_newnewFor9/SVod_phone/AndroidManifest.xml:37:5-79
	android:name
		ADDED from SVod_phone_newnewFor9/SVod_phone/AndroidManifest.xml:37:22-76
uses-permission#android.permission.READ_EXTERNAL_STORAGE
ADDED from SVod_phone_newnewFor9/SVod_phone/AndroidManifest.xml:38:5-80
	android:name
		ADDED from SVod_phone_newnewFor9/SVod_phone/AndroidManifest.xml:38:22-77
uses-permission#android.permission.KILL_BACKGROUND_PROCESSES
ADDED from SVod_phone_newnewFor9/SVod_phone/AndroidManifest.xml:39:5-84
	android:name
		ADDED from SVod_phone_newnewFor9/SVod_phone/AndroidManifest.xml:39:22-81
uses-permission#android.permission.RESTART_PACKAGES
ADDED from SVod_phone_newnewFor9/SVod_phone/AndroidManifest.xml:40:5-75
	android:name
		ADDED from SVod_phone_newnewFor9/SVod_phone/AndroidManifest.xml:40:22-72
uses-permission#android.permission.ACCESS_FINE_LOCATION
ADDED from SVod_phone_newnewFor9/SVod_phone/AndroidManifest.xml:43:5-79
	android:name
		ADDED from SVod_phone_newnewFor9/SVod_phone/AndroidManifest.xml:43:22-76
uses-permission#android.permission.CALL_PHONE
ADDED from SVod_phone_newnewFor9/SVod_phone/AndroidManifest.xml:44:5-69
	android:name
		ADDED from SVod_phone_newnewFor9/SVod_phone/AndroidManifest.xml:44:22-66
uses-permission#android.permission.READ_PHONE_STATE
ADDED from SVod_phone_newnewFor9/SVod_phone/AndroidManifest.xml:45:5-75
	android:name
		ADDED from SVod_phone_newnewFor9/SVod_phone/AndroidManifest.xml:45:22-72
uses-permission#android.permission.ACCESS_COARSE_LOCATION
ADDED from SVod_phone_newnewFor9/SVod_phone/AndroidManifest.xml:46:5-81
	android:name
		ADDED from SVod_phone_newnewFor9/SVod_phone/AndroidManifest.xml:46:22-78
uses-permission#android.permission.READ_CONTACTS
ADDED from SVod_phone_newnewFor9/SVod_phone/AndroidManifest.xml:47:5-72
	android:name
		ADDED from SVod_phone_newnewFor9/SVod_phone/AndroidManifest.xml:47:22-69
uses-permission#android.permission.READ_LOGS
ADDED from SVod_phone_newnewFor9/SVod_phone/AndroidManifest.xml:48:5-68
	android:name
		ADDED from SVod_phone_newnewFor9/SVod_phone/AndroidManifest.xml:48:22-65
uses-permission#android.permission.SYSTEM_ALERT_WINDOW
ADDED from SVod_phone_newnewFor9/SVod_phone/AndroidManifest.xml:49:5-78
	android:name
		ADDED from SVod_phone_newnewFor9/SVod_phone/AndroidManifest.xml:49:22-75
application
ADDED from SVod_phone_newnewFor9/SVod_phone/AndroidManifest.xml:54:5-207:19
MERGED from [androidx.core:core:1.1.0] AndroidManifest.xml:24:5-89
MERGED from [androidx.core:core:1.1.0] AndroidManifest.xml:24:5-89
MERGED from [androidx.versionedparcelable:versionedparcelable:1.1.0] AndroidManifest.xml:24:5-25:19
MERGED from [androidx.versionedparcelable:versionedparcelable:1.1.0] AndroidManifest.xml:24:5-25:19
	android:appComponentFactory
		ADDED from [androidx.core:core:1.1.0] AndroidManifest.xml:24:18-86
	android:supportsRtl
		ADDED from SVod_phone_newnewFor9/SVod_phone/AndroidManifest.xml:59:9-35
	android:label
		ADDED from SVod_phone_newnewFor9/SVod_phone/AndroidManifest.xml:58:9-40
	android:icon
		ADDED from SVod_phone_newnewFor9/SVod_phone/AndroidManifest.xml:57:9-39
	android:allowBackup
		ADDED from SVod_phone_newnewFor9/SVod_phone/AndroidManifest.xml:56:9-35
	android:theme
		ADDED from SVod_phone_newnewFor9/SVod_phone/AndroidManifest.xml:61:9-40
	android:usesCleartextTraffic
		ADDED from SVod_phone_newnewFor9/SVod_phone/AndroidManifest.xml:60:9-44
	android:name
		ADDED from SVod_phone_newnewFor9/SVod_phone/AndroidManifest.xml:55:9-58
uses-library#org.apache.http.legacy
ADDED from SVod_phone_newnewFor9/SVod_phone/AndroidManifest.xml:66:9-87
	android:required
		ADDED from SVod_phone_newnewFor9/SVod_phone/AndroidManifest.xml:66:61-85
	android:name
		ADDED from SVod_phone_newnewFor9/SVod_phone/AndroidManifest.xml:66:23-60
meta-data#UMENG_APPKEY
ADDED from SVod_phone_newnewFor9/SVod_phone/AndroidManifest.xml:69:9-90
	android:value
		ADDED from SVod_phone_newnewFor9/SVod_phone/AndroidManifest.xml:69:20-60
	android:name
		ADDED from SVod_phone_newnewFor9/SVod_phone/AndroidManifest.xml:69:61-88
meta-data#UMENG_CHANNEL
ADDED from SVod_phone_newnewFor9/SVod_phone/AndroidManifest.xml:70:9-74
	android:value
		ADDED from SVod_phone_newnewFor9/SVod_phone/AndroidManifest.xml:70:20-43
	android:name
		ADDED from SVod_phone_newnewFor9/SVod_phone/AndroidManifest.xml:70:44-72
activity#com.android.svod.Login
ADDED from SVod_phone_newnewFor9/SVod_phone/AndroidManifest.xml:72:9-79:20
	android:label
		ADDED from SVod_phone_newnewFor9/SVod_phone/AndroidManifest.xml:74:13-44
	android:name
		ADDED from SVod_phone_newnewFor9/SVod_phone/AndroidManifest.xml:73:13-50
intent-filter#action:name:android.intent.action.MAIN+category:name:android.intent.category.LAUNCHER
ADDED from SVod_phone_newnewFor9/SVod_phone/AndroidManifest.xml:75:13-78:29
action#android.intent.action.MAIN
ADDED from SVod_phone_newnewFor9/SVod_phone/AndroidManifest.xml:76:17-69
	android:name
		ADDED from SVod_phone_newnewFor9/SVod_phone/AndroidManifest.xml:76:25-66
category#android.intent.category.LAUNCHER
ADDED from SVod_phone_newnewFor9/SVod_phone/AndroidManifest.xml:77:17-77
	android:name
		ADDED from SVod_phone_newnewFor9/SVod_phone/AndroidManifest.xml:77:27-74
activity#com.android.publiccourse.OBLBaseActivity
ADDED from SVod_phone_newnewFor9/SVod_phone/AndroidManifest.xml:81:10-83:52
	android:screenOrientation
		ADDED from SVod_phone_newnewFor9/SVod_phone/AndroidManifest.xml:83:13-49
	android:name
		ADDED from SVod_phone_newnewFor9/SVod_phone/AndroidManifest.xml:82:13-68
activity#com.android.publiccourse.OBLServiceMainActivity
ADDED from SVod_phone_newnewFor9/SVod_phone/AndroidManifest.xml:84:9-86:52
	android:screenOrientation
		ADDED from SVod_phone_newnewFor9/SVod_phone/AndroidManifest.xml:86:13-49
	android:name
		ADDED from SVod_phone_newnewFor9/SVod_phone/AndroidManifest.xml:85:13-75
activity#com.android.publiccourse.OBLCourseMainActivity
ADDED from SVod_phone_newnewFor9/SVod_phone/AndroidManifest.xml:87:9-91:20
	android:screenOrientation
		ADDED from SVod_phone_newnewFor9/SVod_phone/AndroidManifest.xml:90:13-49
	android:configChanges
		ADDED from SVod_phone_newnewFor9/SVod_phone/AndroidManifest.xml:89:13-63
	android:name
		ADDED from SVod_phone_newnewFor9/SVod_phone/AndroidManifest.xml:88:13-74
activity#com.android.svod.Page1
ADDED from SVod_phone_newnewFor9/SVod_phone/AndroidManifest.xml:92:9-95:52
	android:screenOrientation
		ADDED from SVod_phone_newnewFor9/SVod_phone/AndroidManifest.xml:95:13-49
	android:configChanges
		ADDED from SVod_phone_newnewFor9/SVod_phone/AndroidManifest.xml:94:13-63
	android:name
		ADDED from SVod_phone_newnewFor9/SVod_phone/AndroidManifest.xml:93:13-50
activity#com.android.svod.CourseMenuActivity
ADDED from SVod_phone_newnewFor9/SVod_phone/AndroidManifest.xml:97:9-101:20
	android:screenOrientation
		ADDED from SVod_phone_newnewFor9/SVod_phone/AndroidManifest.xml:100:13-49
	android:configChanges
		ADDED from SVod_phone_newnewFor9/SVod_phone/AndroidManifest.xml:99:13-63
	android:name
		ADDED from SVod_phone_newnewFor9/SVod_phone/AndroidManifest.xml:98:13-63
activity#com.android.svod.Page2
ADDED from SVod_phone_newnewFor9/SVod_phone/AndroidManifest.xml:103:9-107:20
	android:screenOrientation
		ADDED from SVod_phone_newnewFor9/SVod_phone/AndroidManifest.xml:106:13-49
	android:configChanges
		ADDED from SVod_phone_newnewFor9/SVod_phone/AndroidManifest.xml:105:13-63
	android:name
		ADDED from SVod_phone_newnewFor9/SVod_phone/AndroidManifest.xml:104:13-50
activity#com.android.svod.CourseChapterListActivity
ADDED from SVod_phone_newnewFor9/SVod_phone/AndroidManifest.xml:108:10-112:20
	android:screenOrientation
		ADDED from SVod_phone_newnewFor9/SVod_phone/AndroidManifest.xml:111:13-49
	android:configChanges
		ADDED from SVod_phone_newnewFor9/SVod_phone/AndroidManifest.xml:110:13-63
	android:name
		ADDED from SVod_phone_newnewFor9/SVod_phone/AndroidManifest.xml:109:13-70
activity#com.android.svod.CourseDocActivity
ADDED from SVod_phone_newnewFor9/SVod_phone/AndroidManifest.xml:113:10-117:20
	android:screenOrientation
		ADDED from SVod_phone_newnewFor9/SVod_phone/AndroidManifest.xml:116:13-49
	android:configChanges
		ADDED from SVod_phone_newnewFor9/SVod_phone/AndroidManifest.xml:115:13-63
	android:name
		ADDED from SVod_phone_newnewFor9/SVod_phone/AndroidManifest.xml:114:13-62
activity#com.android.svod.Page3
ADDED from SVod_phone_newnewFor9/SVod_phone/AndroidManifest.xml:118:9-122:20
	android:screenOrientation
		ADDED from SVod_phone_newnewFor9/SVod_phone/AndroidManifest.xml:121:13-49
	android:configChanges
		ADDED from SVod_phone_newnewFor9/SVod_phone/AndroidManifest.xml:120:13-63
	android:name
		ADDED from SVod_phone_newnewFor9/SVod_phone/AndroidManifest.xml:119:13-50
activity#com.android.svod.PersonalActivity
ADDED from SVod_phone_newnewFor9/SVod_phone/AndroidManifest.xml:123:9-127:20
	android:screenOrientation
		ADDED from SVod_phone_newnewFor9/SVod_phone/AndroidManifest.xml:126:13-49
	android:configChanges
		ADDED from SVod_phone_newnewFor9/SVod_phone/AndroidManifest.xml:125:13-63
	android:name
		ADDED from SVod_phone_newnewFor9/SVod_phone/AndroidManifest.xml:124:13-61
activity#com.android.svod.TabHostActivity
ADDED from SVod_phone_newnewFor9/SVod_phone/AndroidManifest.xml:128:9-132:20
	android:screenOrientation
		ADDED from SVod_phone_newnewFor9/SVod_phone/AndroidManifest.xml:131:13-49
	android:configChanges
		ADDED from SVod_phone_newnewFor9/SVod_phone/AndroidManifest.xml:130:13-63
	android:name
		ADDED from SVod_phone_newnewFor9/SVod_phone/AndroidManifest.xml:129:13-60
activity#com.android.svod.Page4
ADDED from SVod_phone_newnewFor9/SVod_phone/AndroidManifest.xml:133:9-136:20
	android:label
		ADDED from SVod_phone_newnewFor9/SVod_phone/AndroidManifest.xml:135:13-57
	android:name
		ADDED from SVod_phone_newnewFor9/SVod_phone/AndroidManifest.xml:134:13-50
activity#com.android.svod.OnlineService
ADDED from SVod_phone_newnewFor9/SVod_phone/AndroidManifest.xml:137:9-140:20
	android:screenOrientation
		ADDED from SVod_phone_newnewFor9/SVod_phone/AndroidManifest.xml:139:13-49
	android:name
		ADDED from SVod_phone_newnewFor9/SVod_phone/AndroidManifest.xml:138:13-58
activity#com.android.svod.MBBS
ADDED from SVod_phone_newnewFor9/SVod_phone/AndroidManifest.xml:141:9-144:20
	android:screenOrientation
		ADDED from SVod_phone_newnewFor9/SVod_phone/AndroidManifest.xml:143:13-49
	android:name
		ADDED from SVod_phone_newnewFor9/SVod_phone/AndroidManifest.xml:142:13-49
activity#com.android.svod.intelligentroom.MainActivity
ADDED from SVod_phone_newnewFor9/SVod_phone/AndroidManifest.xml:145:9-148:20
	android:name
		ADDED from SVod_phone_newnewFor9/SVod_phone/AndroidManifest.xml:146:13-73
activity#com.android.svod.intelligentroom.VideoPlayerActivity
ADDED from SVod_phone_newnewFor9/SVod_phone/AndroidManifest.xml:150:9-153:20
	android:name
		ADDED from SVod_phone_newnewFor9/SVod_phone/AndroidManifest.xml:151:13-80
activity#com.android.publiccourse.OBLMediaPlayer
ADDED from SVod_phone_newnewFor9/SVod_phone/AndroidManifest.xml:154:9-158:80
	android:screenOrientation
		ADDED from SVod_phone_newnewFor9/SVod_phone/AndroidManifest.xml:157:13-50
	android:configChanges
		ADDED from SVod_phone_newnewFor9/SVod_phone/AndroidManifest.xml:156:13-74
	android:theme
		ADDED from SVod_phone_newnewFor9/SVod_phone/AndroidManifest.xml:158:13-77
	android:name
		ADDED from SVod_phone_newnewFor9/SVod_phone/AndroidManifest.xml:155:13-67
activity#com.android.publiccourse.OBLNetworkAbortDetails
ADDED from SVod_phone_newnewFor9/SVod_phone/AndroidManifest.xml:159:12-161:52
	android:screenOrientation
		ADDED from SVod_phone_newnewFor9/SVod_phone/AndroidManifest.xml:161:13-49
	android:name
		ADDED from SVod_phone_newnewFor9/SVod_phone/AndroidManifest.xml:160:13-75
service#com.android.publiccourse.BindDataService
ADDED from SVod_phone_newnewFor9/SVod_phone/AndroidManifest.xml:162:13-166:22
	android:enabled
		ADDED from SVod_phone_newnewFor9/SVod_phone/AndroidManifest.xml:164:24-46
	android:name
		ADDED from SVod_phone_newnewFor9/SVod_phone/AndroidManifest.xml:163:22-77
activity#com.android.svod.DownFileList
ADDED from SVod_phone_newnewFor9/SVod_phone/AndroidManifest.xml:167:13-171:20
	android:screenOrientation
		ADDED from SVod_phone_newnewFor9/SVod_phone/AndroidManifest.xml:170:13-49
	android:configChanges
		ADDED from SVod_phone_newnewFor9/SVod_phone/AndroidManifest.xml:169:13-63
	android:name
		ADDED from SVod_phone_newnewFor9/SVod_phone/AndroidManifest.xml:168:13-57
activity#com.android.svod.VideoPlayerActivity
ADDED from SVod_phone_newnewFor9/SVod_phone/AndroidManifest.xml:172:11-175:22
	android:screenOrientation
		ADDED from SVod_phone_newnewFor9/SVod_phone/AndroidManifest.xml:173:13-49
	android:configChanges
		ADDED from SVod_phone_newnewFor9/SVod_phone/AndroidManifest.xml:174:13-63
	android:name
		ADDED from SVod_phone_newnewFor9/SVod_phone/AndroidManifest.xml:172:21-72
activity#com.android.svod.VideoPlayerNewActivity
ADDED from SVod_phone_newnewFor9/SVod_phone/AndroidManifest.xml:176:9-179:20
	android:screenOrientation
		ADDED from SVod_phone_newnewFor9/SVod_phone/AndroidManifest.xml:177:13-50
	android:configChanges
		ADDED from SVod_phone_newnewFor9/SVod_phone/AndroidManifest.xml:178:13-63
	android:name
		ADDED from SVod_phone_newnewFor9/SVod_phone/AndroidManifest.xml:176:19-73
activity#com.android.ui.vitamio.InitActivity
ADDED from SVod_phone_newnewFor9/SVod_phone/AndroidManifest.xml:184:9-190:15
	android:launchMode
		ADDED from SVod_phone_newnewFor9/SVod_phone/AndroidManifest.xml:187:13-43
	android:windowSoftInputMode
		ADDED from SVod_phone_newnewFor9/SVod_phone/AndroidManifest.xml:189:13-60
	android:configChanges
		ADDED from SVod_phone_newnewFor9/SVod_phone/AndroidManifest.xml:186:13-83
	android:theme
		ADDED from SVod_phone_newnewFor9/SVod_phone/AndroidManifest.xml:188:13-60
	android:name
		ADDED from SVod_phone_newnewFor9/SVod_phone/AndroidManifest.xml:185:13-63
service#com.android.updater.UpdateService
ADDED from SVod_phone_newnewFor9/SVod_phone/AndroidManifest.xml:193:13-195:24
	android:name
		ADDED from SVod_phone_newnewFor9/SVod_phone/AndroidManifest.xml:193:22-70
service#com.android.svod.SensorService
ADDED from SVod_phone_newnewFor9/SVod_phone/AndroidManifest.xml:196:13-198:25
	android:enabled
		ADDED from SVod_phone_newnewFor9/SVod_phone/AndroidManifest.xml:197:17-39
	android:name
		ADDED from SVod_phone_newnewFor9/SVod_phone/AndroidManifest.xml:196:22-67
service#com.android.sensorecord.uploadService
ADDED from SVod_phone_newnewFor9/SVod_phone/AndroidManifest.xml:199:14-200:53
	android:enabled
		ADDED from SVod_phone_newnewFor9/SVod_phone/AndroidManifest.xml:200:19-41
	android:name
		ADDED from SVod_phone_newnewFor9/SVod_phone/AndroidManifest.xml:199:23-75
service#com.android.service.intelligentroom.MainService
ADDED from SVod_phone_newnewFor9/SVod_phone/AndroidManifest.xml:201:14-205:22
	android:enabled
		ADDED from SVod_phone_newnewFor9/SVod_phone/AndroidManifest.xml:203:24-46
	android:name
		ADDED from SVod_phone_newnewFor9/SVod_phone/AndroidManifest.xml:202:22-84
uses-sdk
INJECTED from SVod_phone_newnewFor9/SVod_phone/AndroidManifest.xml reason: use-sdk injection requested
INJECTED from SVod_phone_newnewFor9/SVod_phone/AndroidManifest.xml
INJECTED from SVod_phone_newnewFor9/SVod_phone/AndroidManifest.xml
MERGED from [com.tencent.bugly:crashreport:2.1.9] AndroidManifest.xml:7:5-9:41
MERGED from [com.tencent.bugly:crashreport:2.1.9] AndroidManifest.xml:7:5-9:41
MERGED from [com.tencent.bugly:nativecrashreport:3.0] AndroidManifest.xml:7:5-9:41
MERGED from [com.tencent.bugly:nativecrashreport:3.0] AndroidManifest.xml:7:5-9:41
MERGED from [androidx.appcompat:appcompat:1.1.0] AndroidManifest.xml:20:5-22:41
MERGED from [androidx.appcompat:appcompat:1.1.0] AndroidManifest.xml:20:5-22:41
MERGED from [androidx.fragment:fragment:1.1.0] AndroidManifest.xml:20:5-22:41
MERGED from [androidx.fragment:fragment:1.1.0] AndroidManifest.xml:20:5-22:41
MERGED from [androidx.appcompat:appcompat-resources:1.1.0] AndroidManifest.xml:20:5-22:41
MERGED from [androidx.appcompat:appcompat-resources:1.1.0] AndroidManifest.xml:20:5-22:41
MERGED from [androidx.drawerlayout:drawerlayout:1.0.0] AndroidManifest.xml:20:5-44
MERGED from [androidx.drawerlayout:drawerlayout:1.0.0] AndroidManifest.xml:20:5-44
MERGED from [androidx.viewpager:viewpager:1.0.0] AndroidManifest.xml:20:5-44
MERGED from [androidx.viewpager:viewpager:1.0.0] AndroidManifest.xml:20:5-44
MERGED from [androidx.loader:loader:1.0.0] AndroidManifest.xml:20:5-44
MERGED from [androidx.loader:loader:1.0.0] AndroidManifest.xml:20:5-44
MERGED from [androidx.activity:activity:1.0.0] AndroidManifest.xml:20:5-22:41
MERGED from [androidx.activity:activity:1.0.0] AndroidManifest.xml:20:5-22:41
MERGED from [androidx.vectordrawable:vectordrawable-animated:1.1.0] AndroidManifest.xml:20:5-22:41
MERGED from [androidx.vectordrawable:vectordrawable-animated:1.1.0] AndroidManifest.xml:20:5-22:41
MERGED from [androidx.vectordrawable:vectordrawable:1.1.0] AndroidManifest.xml:20:5-22:41
MERGED from [androidx.vectordrawable:vectordrawable:1.1.0] AndroidManifest.xml:20:5-22:41
MERGED from [androidx.customview:customview:1.0.0] AndroidManifest.xml:20:5-44
MERGED from [androidx.customview:customview:1.0.0] AndroidManifest.xml:20:5-44
MERGED from [androidx.core:core:1.1.0] AndroidManifest.xml:20:5-22:41
MERGED from [androidx.core:core:1.1.0] AndroidManifest.xml:20:5-22:41
MERGED from [androidx.cursoradapter:cursoradapter:1.0.0] AndroidManifest.xml:20:5-44
MERGED from [androidx.cursoradapter:cursoradapter:1.0.0] AndroidManifest.xml:20:5-44
MERGED from [androidx.versionedparcelable:versionedparcelable:1.1.0] AndroidManifest.xml:20:5-22:41
MERGED from [androidx.versionedparcelable:versionedparcelable:1.1.0] AndroidManifest.xml:20:5-22:41
MERGED from [androidx.lifecycle:lifecycle-runtime:2.1.0] AndroidManifest.xml:20:5-44
MERGED from [androidx.lifecycle:lifecycle-runtime:2.1.0] AndroidManifest.xml:20:5-44
MERGED from [androidx.lifecycle:lifecycle-viewmodel:2.1.0] AndroidManifest.xml:20:5-44
MERGED from [androidx.lifecycle:lifecycle-viewmodel:2.1.0] AndroidManifest.xml:20:5-44
MERGED from [androidx.savedstate:savedstate:1.0.0] AndroidManifest.xml:20:5-22:41
MERGED from [androidx.savedstate:savedstate:1.0.0] AndroidManifest.xml:20:5-22:41
MERGED from [androidx.interpolator:interpolator:1.0.0] AndroidManifest.xml:20:5-44
MERGED from [androidx.interpolator:interpolator:1.0.0] AndroidManifest.xml:20:5-44
MERGED from [androidx.lifecycle:lifecycle-livedata:2.0.0] AndroidManifest.xml:20:5-44
MERGED from [androidx.lifecycle:lifecycle-livedata:2.0.0] AndroidManifest.xml:20:5-44
MERGED from [androidx.lifecycle:lifecycle-livedata-core:2.0.0] AndroidManifest.xml:20:5-44
MERGED from [androidx.lifecycle:lifecycle-livedata-core:2.0.0] AndroidManifest.xml:20:5-44
MERGED from [androidx.arch.core:core-runtime:2.0.0] AndroidManifest.xml:20:5-44
MERGED from [androidx.arch.core:core-runtime:2.0.0] AndroidManifest.xml:20:5-44
INJECTED from SVod_phone_newnewFor9/SVod_phone/AndroidManifest.xml
INJECTED from SVod_phone_newnewFor9/SVod_phone/AndroidManifest.xml
	android:targetSdkVersion
		INJECTED from SVod_phone_newnewFor9/SVod_phone/AndroidManifest.xml
		ADDED from SVod_phone_newnewFor9/SVod_phone/AndroidManifest.xml
		INJECTED from SVod_phone_newnewFor9/SVod_phone/AndroidManifest.xml
	android:minSdkVersion
		INJECTED from SVod_phone_newnewFor9/SVod_phone/AndroidManifest.xml
		ADDED from SVod_phone_newnewFor9/SVod_phone/AndroidManifest.xml
		INJECTED from SVod_phone_newnewFor9/SVod_phone/AndroidManifest.xml